[2021-08-17 19:39:46.355] [exthost] [info] extension host started
[2021-08-17 19:39:46.406] [exthost] [info] Lock '/home/ahmadazizf/.vscode-server/data/User/workspaceStorage/0104de1eaaf8febaf9ffacec400b6386/vscode.lock': Lock acquired.
[2021-08-17 19:39:46.511] [exthost] [info] ExtensionService#_doActivateExtension vscode.emmet {"startup":false,"extensionId":{"value":"vscode.emmet","_lower":"vscode.emmet"},"activationEvent":"onLanguage:html"}
[2021-08-17 19:39:46.512] [exthost] [info] ExtensionService#loadCommonJSModule file:///home/ahmadazizf/.vscode-server/bin/379476f0e13988d90fab105c5c19e7abc8b1dea8/extensions/emmet/dist/node/emmetNodeMain
[2021-08-17 19:39:46.618] [exthost] [info] ExtensionService#_doActivateExtension vscode.html-language-features {"startup":false,"extensionId":{"value":"vscode.html-language-features","_lower":"vscode.html-language-features"},"activationEvent":"onLanguage:html"}
[2021-08-17 19:39:46.618] [exthost] [info] ExtensionService#loadCommonJSModule file:///home/ahmadazizf/.vscode-server/bin/379476f0e13988d90fab105c5c19e7abc8b1dea8/extensions/html-language-features/client/dist/node/htmlClientMain
[2021-08-17 19:39:46.950] [exthost] [info] ExtensionService#_doActivateExtension vscode.debug-auto-launch {"startup":true,"extensionId":{"value":"vscode.debug-auto-launch","_lower":"vscode.debug-auto-launch"},"activationEvent":"*"}
[2021-08-17 19:39:46.950] [exthost] [info] ExtensionService#loadCommonJSModule file:///home/ahmadazizf/.vscode-server/bin/379476f0e13988d90fab105c5c19e7abc8b1dea8/extensions/debug-auto-launch/dist/extension
[2021-08-17 19:39:47.017] [exthost] [info] ExtensionService#_doActivateExtension vscode.git {"startup":true,"extensionId":{"value":"vscode.github","_lower":"vscode.github"},"activationEvent":"*"}
[2021-08-17 19:39:47.017] [exthost] [info] ExtensionService#loadCommonJSModule file:///home/ahmadazizf/.vscode-server/bin/379476f0e13988d90fab105c5c19e7abc8b1dea8/extensions/git/dist/main
[2021-08-17 19:39:47.298] [exthost] [info] ExtensionService#_doActivateExtension christian-kohler.path-intellisense {"startup":true,"extensionId":{"value":"christian-kohler.path-intellisense","_lower":"christian-kohler.path-intellisense"},"activationEvent":"*"}
[2021-08-17 19:39:47.298] [exthost] [info] ExtensionService#loadCommonJSModule file:///home/ahmadazizf/.vscode-server/extensions/christian-kohler.path-intellisense-2.4.0/out/extension.js
[2021-08-17 19:39:47.455] [exthost] [info] ExtensionService#_doActivateExtension HookyQR.beautify {"startup":true,"extensionId":{"value":"HookyQR.beautify","_lower":"hookyqr.beautify"},"activationEvent":"*"}
[2021-08-17 19:39:47.460] [exthost] [info] ExtensionService#loadCommonJSModule file:///home/ahmadazizf/.vscode-server/extensions/hookyqr.beautify-1.5.0/extension
[2021-08-17 19:39:47.892] [exthost] [info] ExtensionService#_doActivateExtension ritwickdey.LiveServer {"startup":true,"extensionId":{"value":"ritwickdey.LiveServer","_lower":"ritwickdey.liveserver"},"activationEvent":"*"}
[2021-08-17 19:39:47.892] [exthost] [info] ExtensionService#loadCommonJSModule file:///home/ahmadazizf/.vscode-server/extensions/ritwickdey.liveserver-5.6.1/out/src/extension
[2021-08-17 19:39:51.008] [exthost] [info] ExtensionService#_doActivateExtension Zignd.html-css-class-completion {"startup":true,"extensionId":{"value":"Zignd.html-css-class-completion","_lower":"zignd.html-css-class-completion"},"activationEvent":"*"}
[2021-08-17 19:39:51.008] [exthost] [info] ExtensionService#loadCommonJSModule file:///home/ahmadazizf/.vscode-server/extensions/zignd.html-css-class-completion-1.20.0/dist/extension.js
[2021-08-17 19:39:51.589] [exthost] [info] ExtensionService#_doActivateExtension ms-vscode.js-debug {"startup":false,"extensionId":{"value":"ms-vscode.js-debug","_lower":"ms-vscode.js-debug"},"activationEvent":"onCommand:extension.js-debug.clearAutoAttachVariables"}
[2021-08-17 19:39:51.590] [exthost] [info] ExtensionService#loadCommonJSModule file:///home/ahmadazizf/.vscode-server/bin/379476f0e13988d90fab105c5c19e7abc8b1dea8/extensions/ms-vscode.js-debug/src/extension.js
[2021-08-17 19:40:06.078] [exthost] [info] ExtensionService#_doActivateExtension vscode.merge-conflict {"startup":false,"extensionId":{"value":"vscode.merge-conflict","_lower":"vscode.merge-conflict"},"activationEvent":"onStartupFinished"}
[2021-08-17 19:40:06.079] [exthost] [info] ExtensionService#loadCommonJSModule file:///home/ahmadazizf/.vscode-server/bin/379476f0e13988d90fab105c5c19e7abc8b1dea8/extensions/merge-conflict/dist/mergeConflictMain
[2021-08-17 19:40:06.122] [exthost] [info] ExtensionService#_doActivateExtension esbenp.prettier-vscode {"startup":false,"extensionId":{"value":"esbenp.prettier-vscode","_lower":"esbenp.prettier-vscode"},"activationEvent":"onStartupFinished"}
[2021-08-17 19:40:06.122] [exthost] [info] ExtensionService#loadCommonJSModule file:///home/ahmadazizf/.vscode-server/extensions/esbenp.prettier-vscode-8.1.0/dist/extension
[2021-08-17 19:40:30.113] [exthost] [info] ExtensionService#_doActivateExtension vscode.github {"startup":true,"extensionId":{"value":"vscode.github","_lower":"vscode.github"},"activationEvent":"*"}
[2021-08-17 19:40:30.113] [exthost] [info] ExtensionService#loadCommonJSModule file:///home/ahmadazizf/.vscode-server/bin/379476f0e13988d90fab105c5c19e7abc8b1dea8/extensions/github/dist/extension.js
[2021-08-17 19:40:30.167] [exthost] [info] eager extensions activated
[2021-08-17 20:54:29.316] [exthost] [info] extension host terminating: received terminate message from renderer
[2021-08-17 20:54:29.318] [exthost] [info] Lock '/home/ahmadazizf/.vscode-server/data/User/workspaceStorage/0104de1eaaf8febaf9ffacec400b6386/vscode.lock': Marking the lockfile as scheduled to be released in 6000 ms.
[2021-08-17 20:54:29.422] [exthost] [error] Canceled: Canceled
    at Object.i [as canceled] (/home/ahmadazizf/.vscode-server/bin/379476f0e13988d90fab105c5c19e7abc8b1dea8/out/vs/server/remoteExtensionHostProcess.js:5:1157)
    at h._remoteCall (/home/ahmadazizf/.vscode-server/bin/379476f0e13988d90fab105c5c19e7abc8b1dea8/out/vs/server/remoteExtensionHostProcess.js:89:12893)
    at Proxy.w.<computed>.E.charCodeAt.w.<computed> (/home/ahmadazizf/.vscode-server/bin/379476f0e13988d90fab105c5c19e7abc8b1dea8/out/vs/server/remoteExtensionHostProcess.js:89:9388)
    at T.showMessage (/home/ahmadazizf/.vscode-server/bin/379476f0e13988d90fab105c5c19e7abc8b1dea8/out/vs/server/remoteExtensionHostProcess.js:85:205084)
    at Object.showErrorMessage (/home/ahmadazizf/.vscode-server/bin/379476f0e13988d90fab105c5c19e7abc8b1dea8/out/vs/server/remoteExtensionHostProcess.js:94:29158)
    at /home/ahmadazizf/.vscode-server/bin/379476f0e13988d90fab105c5c19e7abc8b1dea8/extensions/git/dist/main.js:2:942810
    at processTicksAndRejections (internal/process/task_queues.js:93:5)
    at _executeContributedCommand (/home/ahmadazizf/.vscode-server/bin/379476f0e13988d90fab105c5c19e7abc8b1dea8/out/vs/server/remoteExtensionHostProcess.js:85:109243) git.push
[2021-08-17 20:54:29.423] [exthost] [error] Canceled: Canceled
    at Object.i [as canceled] (/home/ahmadazizf/.vscode-server/bin/379476f0e13988d90fab105c5c19e7abc8b1dea8/out/vs/server/remoteExtensionHostProcess.js:5:1157)
    at h._remoteCall (/home/ahmadazizf/.vscode-server/bin/379476f0e13988d90fab105c5c19e7abc8b1dea8/out/vs/server/remoteExtensionHostProcess.js:89:12893)
    at Proxy.w.<computed>.E.charCodeAt.w.<computed> (/home/ahmadazizf/.vscode-server/bin/379476f0e13988d90fab105c5c19e7abc8b1dea8/out/vs/server/remoteExtensionHostProcess.js:89:9388)
    at T.showMessage (/home/ahmadazizf/.vscode-server/bin/379476f0e13988d90fab105c5c19e7abc8b1dea8/out/vs/server/remoteExtensionHostProcess.js:85:205084)
    at Object.showErrorMessage (/home/ahmadazizf/.vscode-server/bin/379476f0e13988d90fab105c5c19e7abc8b1dea8/out/vs/server/remoteExtensionHostProcess.js:94:29158)
    at /home/ahmadazizf/.vscode-server/bin/379476f0e13988d90fab105c5c19e7abc8b1dea8/extensions/git/dist/main.js:2:942810
    at processTicksAndRejections (internal/process/task_queues.js:93:5)
    at _executeContributedCommand (/home/ahmadazizf/.vscode-server/bin/379476f0e13988d90fab105c5c19e7abc8b1dea8/out/vs/server/remoteExtensionHostProcess.js:85:109243) git.commit
[2021-08-17 20:54:29.435] [exthost] [error] Canceled: Canceled
    at Object.i [as canceled] (/home/ahmadazizf/.vscode-server/bin/379476f0e13988d90fab105c5c19e7abc8b1dea8/out/vs/server/remoteExtensionHostProcess.js:5:1157)
    at h._remoteCall (/home/ahmadazizf/.vscode-server/bin/379476f0e13988d90fab105c5c19e7abc8b1dea8/out/vs/server/remoteExtensionHostProcess.js:89:12893)
    at Proxy.w.<computed>.E.charCodeAt.w.<computed> (/home/ahmadazizf/.vscode-server/bin/379476f0e13988d90fab105c5c19e7abc8b1dea8/out/vs/server/remoteExtensionHostProcess.js:89:9388)
    at T.showMessage (/home/ahmadazizf/.vscode-server/bin/379476f0e13988d90fab105c5c19e7abc8b1dea8/out/vs/server/remoteExtensionHostProcess.js:85:205084)
    at Object.showErrorMessage (/home/ahmadazizf/.vscode-server/bin/379476f0e13988d90fab105c5c19e7abc8b1dea8/out/vs/server/remoteExtensionHostProcess.js:94:29158)
    at /home/ahmadazizf/.vscode-server/bin/379476f0e13988d90fab105c5c19e7abc8b1dea8/extensions/git/dist/main.js:2:942810
    at processTicksAndRejections (internal/process/task_queues.js:93:5)
    at _executeContributedCommand (/home/ahmadazizf/.vscode-server/bin/379476f0e13988d90fab105c5c19e7abc8b1dea8/out/vs/server/remoteExtensionHostProcess.js:85:109243) git.commit
[2021-08-17 20:54:29.436] [exthost] [error] Canceled: Canceled
    at Object.i [as canceled] (/home/ahmadazizf/.vscode-server/bin/379476f0e13988d90fab105c5c19e7abc8b1dea8/out/vs/server/remoteExtensionHostProcess.js:5:1157)
    at h._remoteCall (/home/ahmadazizf/.vscode-server/bin/379476f0e13988d90fab105c5c19e7abc8b1dea8/out/vs/server/remoteExtensionHostProcess.js:89:12893)
    at Proxy.w.<computed>.E.charCodeAt.w.<computed> (/home/ahmadazizf/.vscode-server/bin/379476f0e13988d90fab105c5c19e7abc8b1dea8/out/vs/server/remoteExtensionHostProcess.js:89:9388)
    at T.showMessage (/home/ahmadazizf/.vscode-server/bin/379476f0e13988d90fab105c5c19e7abc8b1dea8/out/vs/server/remoteExtensionHostProcess.js:85:205084)
    at Object.showErrorMessage (/home/ahmadazizf/.vscode-server/bin/379476f0e13988d90fab105c5c19e7abc8b1dea8/out/vs/server/remoteExtensionHostProcess.js:94:29158)
    at /home/ahmadazizf/.vscode-server/bin/379476f0e13988d90fab105c5c19e7abc8b1dea8/extensions/git/dist/main.js:2:942810
    at processTicksAndRejections (internal/process/task_queues.js:93:5)
    at _executeContributedCommand (/home/ahmadazizf/.vscode-server/bin/379476f0e13988d90fab105c5c19e7abc8b1dea8/out/vs/server/remoteExtensionHostProcess.js:85:109243) git.push
[2021-08-17 20:54:30.389] [exthost] [info] exiting with code 0
