[2021-08-20 18:49:59.723] [exthost] [info] extension host started
[2021-08-20 18:49:59.842] [exthost] [info] Lock '/home/ahmadazizf/.vscode-server/data/User/workspaceStorage/0104de1eaaf8febaf9ffacec400b6386/vscode.lock': Lock acquired.
[2021-08-20 18:50:00.479] [exthost] [info] ExtensionService#_doActivateExtension vscode.typescript-language-features {"startup":false,"extensionId":{"value":"vscode.typescript-language-features","_lower":"vscode.typescript-language-features"},"activationEvent":"onLanguage:javascript"}
[2021-08-20 18:50:00.479] [exthost] [info] ExtensionService#loadCommonJSModule file:///home/ahmadazizf/.vscode-server/bin/3866c3553be8b268c8a7f8c0482c0c0177aa8bfa/extensions/typescript-language-features/dist/extension
[2021-08-20 18:50:00.770] [exthost] [info] ExtensionService#_doActivateExtension vscode.debug-auto-launch {"startup":true,"extensionId":{"value":"vscode.debug-auto-launch","_lower":"vscode.debug-auto-launch"},"activationEvent":"*"}
[2021-08-20 18:50:00.770] [exthost] [info] ExtensionService#loadCommonJSModule file:///home/ahmadazizf/.vscode-server/bin/3866c3553be8b268c8a7f8c0482c0c0177aa8bfa/extensions/debug-auto-launch/dist/extension
[2021-08-20 18:50:00.779] [exthost] [info] ExtensionService#_doActivateExtension vscode.git {"startup":true,"extensionId":{"value":"vscode.github","_lower":"vscode.github"},"activationEvent":"*"}
[2021-08-20 18:50:00.780] [exthost] [info] ExtensionService#loadCommonJSModule file:///home/ahmadazizf/.vscode-server/bin/3866c3553be8b268c8a7f8c0482c0c0177aa8bfa/extensions/git/dist/main
[2021-08-20 18:50:01.008] [exthost] [info] ExtensionService#_doActivateExtension christian-kohler.path-intellisense {"startup":true,"extensionId":{"value":"christian-kohler.path-intellisense","_lower":"christian-kohler.path-intellisense"},"activationEvent":"*"}
[2021-08-20 18:50:01.009] [exthost] [info] ExtensionService#loadCommonJSModule file:///home/ahmadazizf/.vscode-server/extensions/christian-kohler.path-intellisense-2.4.0/out/extension.js
[2021-08-20 18:50:01.092] [exthost] [info] ExtensionService#_doActivateExtension HookyQR.beautify {"startup":true,"extensionId":{"value":"HookyQR.beautify","_lower":"hookyqr.beautify"},"activationEvent":"*"}
[2021-08-20 18:50:01.092] [exthost] [info] ExtensionService#loadCommonJSModule file:///home/ahmadazizf/.vscode-server/extensions/hookyqr.beautify-1.5.0/extension
[2021-08-20 18:50:01.444] [exthost] [info] ExtensionService#_doActivateExtension ritwickdey.LiveServer {"startup":true,"extensionId":{"value":"ritwickdey.LiveServer","_lower":"ritwickdey.liveserver"},"activationEvent":"*"}
[2021-08-20 18:50:01.445] [exthost] [info] ExtensionService#loadCommonJSModule file:///home/ahmadazizf/.vscode-server/extensions/ritwickdey.liveserver-5.6.1/out/src/extension
[2021-08-20 18:50:03.856] [exthost] [info] ExtensionService#_doActivateExtension Zignd.html-css-class-completion {"startup":true,"extensionId":{"value":"Zignd.html-css-class-completion","_lower":"zignd.html-css-class-completion"},"activationEvent":"*"}
[2021-08-20 18:50:03.856] [exthost] [info] ExtensionService#loadCommonJSModule file:///home/ahmadazizf/.vscode-server/extensions/zignd.html-css-class-completion-1.20.0/dist/extension.js
[2021-08-20 18:50:05.707] [exthost] [info] ExtensionService#_doActivateExtension ms-vscode.js-debug {"startup":false,"extensionId":{"value":"ms-vscode.js-debug","_lower":"ms-vscode.js-debug"},"activationEvent":"onCommand:extension.js-debug.clearAutoAttachVariables"}
[2021-08-20 18:50:05.707] [exthost] [info] ExtensionService#loadCommonJSModule file:///home/ahmadazizf/.vscode-server/bin/3866c3553be8b268c8a7f8c0482c0c0177aa8bfa/extensions/ms-vscode.js-debug/src/extension.js
[2021-08-20 18:50:06.910] [exthost] [info] ExtensionService#_doActivateExtension vscode.github {"startup":false,"extensionId":{"value":"vscode.github","_lower":"vscode.github"},"activationEvent":"*"}
[2021-08-20 18:50:06.912] [exthost] [info] ExtensionService#loadCommonJSModule file:///home/ahmadazizf/.vscode-server/bin/3866c3553be8b268c8a7f8c0482c0c0177aa8bfa/extensions/github/dist/extension.js
[2021-08-20 18:50:20.233] [exthost] [info] ExtensionService#_doActivateExtension vscode.emmet {"startup":false,"extensionId":{"value":"vscode.emmet","_lower":"vscode.emmet"},"activationEvent":"onStartupFinished"}
[2021-08-20 18:50:20.233] [exthost] [info] ExtensionService#loadCommonJSModule file:///home/ahmadazizf/.vscode-server/bin/3866c3553be8b268c8a7f8c0482c0c0177aa8bfa/extensions/emmet/dist/node/emmetNodeMain
[2021-08-20 18:50:20.254] [exthost] [info] ExtensionService#_doActivateExtension vscode.merge-conflict {"startup":false,"extensionId":{"value":"vscode.merge-conflict","_lower":"vscode.merge-conflict"},"activationEvent":"onStartupFinished"}
[2021-08-20 18:50:20.254] [exthost] [info] ExtensionService#loadCommonJSModule file:///home/ahmadazizf/.vscode-server/bin/3866c3553be8b268c8a7f8c0482c0c0177aa8bfa/extensions/merge-conflict/dist/mergeConflictMain
[2021-08-20 18:50:20.260] [exthost] [info] ExtensionService#_doActivateExtension esbenp.prettier-vscode {"startup":false,"extensionId":{"value":"esbenp.prettier-vscode","_lower":"esbenp.prettier-vscode"},"activationEvent":"onStartupFinished"}
[2021-08-20 18:50:20.260] [exthost] [info] ExtensionService#loadCommonJSModule file:///home/ahmadazizf/.vscode-server/extensions/esbenp.prettier-vscode-8.1.0/dist/extension
[2021-08-20 18:50:37.204] [exthost] [info] eager extensions activated
[2021-08-20 19:40:30.318] [exthost] [info] ExtensionService#_doActivateExtension vscode.html-language-features {"startup":false,"extensionId":{"value":"vscode.html-language-features","_lower":"vscode.html-language-features"},"activationEvent":"onLanguage:html"}
[2021-08-20 19:40:30.320] [exthost] [info] ExtensionService#loadCommonJSModule file:///home/ahmadazizf/.vscode-server/bin/3866c3553be8b268c8a7f8c0482c0c0177aa8bfa/extensions/html-language-features/client/dist/node/htmlClientMain
[2021-08-20 19:48:40.983] [exthost] [info] ExtensionService#_doActivateExtension vscode.extension-editing {"startup":false,"extensionId":{"value":"vscode.extension-editing","_lower":"vscode.extension-editing"},"activationEvent":"onLanguage:typescript"}
[2021-08-20 19:48:40.987] [exthost] [info] ExtensionService#loadCommonJSModule file:///home/ahmadazizf/.vscode-server/bin/3866c3553be8b268c8a7f8c0482c0c0177aa8bfa/extensions/extension-editing/dist/extensionEditingMain
[2021-08-20 21:47:42.575] [exthost] [info] extension host terminating: received terminate message from renderer
[2021-08-20 21:47:42.582] [exthost] [info] Lock '/home/ahmadazizf/.vscode-server/data/User/workspaceStorage/0104de1eaaf8febaf9ffacec400b6386/vscode.lock': Marking the lockfile as scheduled to be released in 6000 ms.
[2021-08-20 21:47:43.926] [exthost] [info] exiting with code 0
