0 info it worked if it ends with ok
1 verbose cli [ '/usr/bin/node', '/usr/bin/npm', 'run', 'test' ]
2 info using npm@6.14.4
3 info using node@v10.19.0
4 verbose run-script [ 'pretest', 'test', 'posttest' ]
5 info lifecycle tugas3@1.0.0~pretest: tugas3@1.0.0
6 info lifecycle tugas3@1.0.0~test: tugas3@1.0.0
7 verbose lifecycle tugas3@1.0.0~test: unsafe-perm in lifecycle true
8 verbose lifecycle tugas3@1.0.0~test: PATH: /usr/share/npm/node_modules/npm-lifecycle/node-gyp-bin:/home/ahmadazizf/homework/tugas3/node_modules/.bin:/home/ahmadazizf/.vscode-server/bin/3866c3553be8b268c8a7f8c0482c0c0177aa8bfa/bin:/usr/local/sbin:/usr/local/bin:/usr/sbin:/usr/bin:/sbin:/bin:/usr/games:/usr/local/games:/mnt/c/Python39/Scripts/:/mnt/c/Python39/:/mnt/c/ProgramData/Oracle/Java/javapath:/mnt/c/Windows/system32:/mnt/c/Windows:/mnt/c/Windows/System32/Wbem:/mnt/c/Windows/System32/WindowsPowerShell/v1.0/:/mnt/c/Windows/System32/OpenSSH/:/mnt/c/Program Files/Git/cmd:/mnt/c/Program Files/nodejs/:/mnt/c/ProgramData/chocolatey/bin:/mnt/c/Users/aaf09/AppData/Local/Microsoft/WindowsApps:/mnt/c/Users/aaf09/AppData/Local/Programs/Microsoft VS Code/bin:/mnt/c/Users/aaf09/AppData/Roaming/npm
9 verbose lifecycle tugas3@1.0.0~test: CWD: /home/ahmadazizf/homework/tugas3
10 silly lifecycle tugas3@1.0.0~test: Args: [ '-c', 'echo "Error: no test specified" && exit 1' ]
11 silly lifecycle tugas3@1.0.0~test: Returned: code: 1  signal: null
12 info lifecycle tugas3@1.0.0~test: Failed to exec test script
13 verbose stack Error: tugas3@1.0.0 test: `echo "Error: no test specified" && exit 1`
13 verbose stack Exit status 1
13 verbose stack     at EventEmitter.<anonymous> (/usr/share/npm/node_modules/npm-lifecycle/index.js:332:16)
13 verbose stack     at EventEmitter.emit (events.js:198:13)
13 verbose stack     at ChildProcess.<anonymous> (/usr/share/npm/node_modules/npm-lifecycle/lib/spawn.js:55:14)
13 verbose stack     at ChildProcess.emit (events.js:198:13)
13 verbose stack     at maybeClose (internal/child_process.js:982:16)
13 verbose stack     at Process.ChildProcess._handle.onexit (internal/child_process.js:259:5)
14 verbose pkgid tugas3@1.0.0
15 verbose cwd /home/ahmadazizf/homework/tugas3
16 verbose Linux 5.10.16.3-microsoft-standard-WSL2
17 verbose argv "/usr/bin/node" "/usr/bin/npm" "run" "test"
18 verbose node v10.19.0
19 verbose npm  v6.14.4
20 error code ELIFECYCLE
21 error errno 1
22 error tugas3@1.0.0 test: `echo "Error: no test specified" && exit 1`
22 error Exit status 1
23 error Failed at the tugas3@1.0.0 test script.
23 error This is probably not a problem with npm. There is likely additional logging output above.
24 verbose exit [ 1, true ]
