["INFO" - 8:17:04 PM] Extension Name: esbenp.prettier-vscode.
["INFO" - 8:17:05 PM] Extension Version: 8.1.0.
["INFO" - 8:21:58 PM] Formatting /home/ahmadazizf/homework/tugas2/ahmadaziz.html
["INFO" - 8:21:58 PM] Using ignore file (if present) at /home/ahmadazizf/.prettierignore
["INFO" - 8:21:58 PM] File Info:
{
  "ignored": false,
  "inferredParser": "html"
}
["INFO" - 8:21:58 PM] No local configuration (i.e. .prettierrc or .editorconfig) detected, falling back to VS Code configuration
["INFO" - 8:21:58 PM] Prettier Options:
{
  "arrowParens": "always",
  "bracketSpacing": true,
  "endOfLine": "lf",
  "htmlWhitespaceSensitivity": "css",
  "insertPragma": false,
  "jsxBracketSameLine": false,
  "jsxSingleQuote": false,
  "printWidth": 200,
  "proseWrap": "preserve",
  "quoteProps": "as-needed",
  "requirePragma": false,
  "semi": true,
  "singleQuote": false,
  "tabWidth": 3,
  "trailingComma": "es5",
  "useTabs": false,
  "vueIndentScriptAndStyle": false,
  "filepath": "/home/ahmadazizf/homework/tugas2/ahmadaziz.html",
  "parser": "html"
}
["INFO" - 8:21:59 PM] Formatting completed in 126.0303ms.
["INFO" - 8:29:18 PM] Formatting /home/ahmadazizf/homework/tugas2/ahmadaziz.html
["INFO" - 8:29:18 PM] Using ignore file (if present) at /home/ahmadazizf/.prettierignore
["INFO" - 8:29:18 PM] File Info:
{
  "ignored": false,
  "inferredParser": "html"
}
["INFO" - 8:29:18 PM] No local configuration (i.e. .prettierrc or .editorconfig) detected, falling back to VS Code configuration
["INFO" - 8:29:18 PM] Prettier Options:
{
  "arrowParens": "always",
  "bracketSpacing": true,
  "endOfLine": "lf",
  "htmlWhitespaceSensitivity": "css",
  "insertPragma": false,
  "jsxBracketSameLine": false,
  "jsxSingleQuote": false,
  "printWidth": 200,
  "proseWrap": "preserve",
  "quoteProps": "as-needed",
  "requirePragma": false,
  "semi": true,
  "singleQuote": false,
  "tabWidth": 3,
  "trailingComma": "es5",
  "useTabs": false,
  "vueIndentScriptAndStyle": false,
  "filepath": "/home/ahmadazizf/homework/tugas2/ahmadaziz.html",
  "parser": "html"
}
["INFO" - 8:29:18 PM] Formatting completed in 590.9049ms.
