[2021-08-22 09:55:08.846] [exthost] [info] extension host started
[2021-08-22 09:55:08.928] [exthost] [info] ExtensionService#_doActivateExtension vscode.emmet {"startup":false,"extensionId":{"value":"vscode.emmet","_lower":"vscode.emmet"},"activationEvent":"onLanguage:html"}
[2021-08-22 09:55:08.929] [exthost] [info] ExtensionService#loadCommonJSModule file:///home/ahmadazizf/.vscode-server/bin/3866c3553be8b268c8a7f8c0482c0c0177aa8bfa/extensions/emmet/dist/node/emmetNodeMain
[2021-08-22 09:55:09.021] [exthost] [info] ExtensionService#_doActivateExtension vscode.html-language-features {"startup":false,"extensionId":{"value":"vscode.html-language-features","_lower":"vscode.html-language-features"},"activationEvent":"onLanguage:html"}
[2021-08-22 09:55:09.022] [exthost] [info] ExtensionService#loadCommonJSModule file:///home/ahmadazizf/.vscode-server/bin/3866c3553be8b268c8a7f8c0482c0c0177aa8bfa/extensions/html-language-features/client/dist/node/htmlClientMain
[2021-08-22 09:55:09.167] [exthost] [info] ExtensionService#_doActivateExtension vscode.debug-auto-launch {"startup":true,"extensionId":{"value":"vscode.debug-auto-launch","_lower":"vscode.debug-auto-launch"},"activationEvent":"*"}
[2021-08-22 09:55:09.168] [exthost] [info] ExtensionService#loadCommonJSModule file:///home/ahmadazizf/.vscode-server/bin/3866c3553be8b268c8a7f8c0482c0c0177aa8bfa/extensions/debug-auto-launch/dist/extension
[2021-08-22 09:55:09.215] [exthost] [info] ExtensionService#_doActivateExtension vscode.git {"startup":true,"extensionId":{"value":"vscode.github","_lower":"vscode.github"},"activationEvent":"*"}
[2021-08-22 09:55:09.215] [exthost] [info] ExtensionService#loadCommonJSModule file:///home/ahmadazizf/.vscode-server/bin/3866c3553be8b268c8a7f8c0482c0c0177aa8bfa/extensions/git/dist/main
[2021-08-22 09:55:09.430] [exthost] [info] ExtensionService#_doActivateExtension christian-kohler.path-intellisense {"startup":true,"extensionId":{"value":"christian-kohler.path-intellisense","_lower":"christian-kohler.path-intellisense"},"activationEvent":"*"}
[2021-08-22 09:55:09.430] [exthost] [info] ExtensionService#loadCommonJSModule file:///home/ahmadazizf/.vscode-server/extensions/christian-kohler.path-intellisense-2.4.0/out/extension.js
[2021-08-22 09:55:09.530] [exthost] [info] ExtensionService#_doActivateExtension HookyQR.beautify {"startup":true,"extensionId":{"value":"HookyQR.beautify","_lower":"hookyqr.beautify"},"activationEvent":"*"}
[2021-08-22 09:55:09.530] [exthost] [info] ExtensionService#loadCommonJSModule file:///home/ahmadazizf/.vscode-server/extensions/hookyqr.beautify-1.5.0/extension
[2021-08-22 09:55:09.769] [exthost] [info] ExtensionService#_doActivateExtension ritwickdey.LiveServer {"startup":true,"extensionId":{"value":"ritwickdey.LiveServer","_lower":"ritwickdey.liveserver"},"activationEvent":"*"}
[2021-08-22 09:55:09.769] [exthost] [info] ExtensionService#loadCommonJSModule file:///home/ahmadazizf/.vscode-server/extensions/ritwickdey.liveserver-5.6.1/out/src/extension
[2021-08-22 09:55:11.604] [exthost] [info] ExtensionService#_doActivateExtension Zignd.html-css-class-completion {"startup":true,"extensionId":{"value":"Zignd.html-css-class-completion","_lower":"zignd.html-css-class-completion"},"activationEvent":"*"}
[2021-08-22 09:55:11.604] [exthost] [info] ExtensionService#loadCommonJSModule file:///home/ahmadazizf/.vscode-server/extensions/zignd.html-css-class-completion-1.20.0/dist/extension.js
[2021-08-22 09:55:11.876] [exthost] [info] Lock '/home/ahmadazizf/.vscode-server/data/User/workspaceStorage/0104de1eaaf8febaf9ffacec400b6386/vscode.lock': Lock acquired.
[2021-08-22 09:55:12.171] [exthost] [info] ExtensionService#_doActivateExtension ms-vscode.js-debug {"startup":false,"extensionId":{"value":"ms-vscode.js-debug","_lower":"ms-vscode.js-debug"},"activationEvent":"onCommand:extension.js-debug.clearAutoAttachVariables"}
[2021-08-22 09:55:12.173] [exthost] [info] ExtensionService#loadCommonJSModule file:///home/ahmadazizf/.vscode-server/bin/3866c3553be8b268c8a7f8c0482c0c0177aa8bfa/extensions/ms-vscode.js-debug/src/extension.js
[2021-08-22 09:55:23.914] [exthost] [info] ExtensionService#_doActivateExtension vscode.typescript-language-features {"startup":false,"extensionId":{"value":"vscode.typescript-language-features","_lower":"vscode.typescript-language-features"},"activationEvent":"onLanguage:javascript"}
[2021-08-22 09:55:23.914] [exthost] [info] ExtensionService#loadCommonJSModule file:///home/ahmadazizf/.vscode-server/bin/3866c3553be8b268c8a7f8c0482c0c0177aa8bfa/extensions/typescript-language-features/dist/extension
[2021-08-22 09:55:24.053] [exthost] [info] ExtensionService#_doActivateExtension vscode.merge-conflict {"startup":false,"extensionId":{"value":"vscode.merge-conflict","_lower":"vscode.merge-conflict"},"activationEvent":"onStartupFinished"}
[2021-08-22 09:55:24.053] [exthost] [info] ExtensionService#loadCommonJSModule file:///home/ahmadazizf/.vscode-server/bin/3866c3553be8b268c8a7f8c0482c0c0177aa8bfa/extensions/merge-conflict/dist/mergeConflictMain
[2021-08-22 09:55:24.077] [exthost] [info] ExtensionService#_doActivateExtension esbenp.prettier-vscode {"startup":false,"extensionId":{"value":"esbenp.prettier-vscode","_lower":"esbenp.prettier-vscode"},"activationEvent":"onStartupFinished"}
[2021-08-22 09:55:24.077] [exthost] [info] ExtensionService#loadCommonJSModule file:///home/ahmadazizf/.vscode-server/extensions/esbenp.prettier-vscode-8.1.0/dist/extension
[2021-08-22 09:55:46.953] [exthost] [info] ExtensionService#_doActivateExtension vscode.github {"startup":true,"extensionId":{"value":"vscode.github","_lower":"vscode.github"},"activationEvent":"*"}
[2021-08-22 09:55:46.954] [exthost] [info] ExtensionService#loadCommonJSModule file:///home/ahmadazizf/.vscode-server/bin/3866c3553be8b268c8a7f8c0482c0c0177aa8bfa/extensions/github/dist/extension.js
[2021-08-22 09:55:47.097] [exthost] [info] eager extensions activated
[2021-08-22 10:04:13.044] [exthost] [info] ExtensionService#_doActivateExtension vscode.extension-editing {"startup":false,"extensionId":{"value":"vscode.extension-editing","_lower":"vscode.extension-editing"},"activationEvent":"onLanguage:typescript"}
[2021-08-22 10:04:13.045] [exthost] [info] ExtensionService#loadCommonJSModule file:///home/ahmadazizf/.vscode-server/bin/3866c3553be8b268c8a7f8c0482c0c0177aa8bfa/extensions/extension-editing/dist/extensionEditingMain
[2021-08-22 16:50:23.528] [exthost] [info] ExtensionService#_doActivateExtension vscode.configuration-editing {"startup":false,"extensionId":{"value":"vscode.configuration-editing","_lower":"vscode.configuration-editing"},"activationEvent":"onLanguage:json"}
[2021-08-22 16:50:23.540] [exthost] [info] ExtensionService#loadCommonJSModule file:///home/ahmadazizf/.vscode-server/bin/3866c3553be8b268c8a7f8c0482c0c0177aa8bfa/extensions/configuration-editing/dist/configurationEditingMain
[2021-08-22 16:50:23.641] [exthost] [info] ExtensionService#_doActivateExtension vscode.json-language-features {"startup":false,"extensionId":{"value":"vscode.json-language-features","_lower":"vscode.json-language-features"},"activationEvent":"onLanguage:json"}
[2021-08-22 16:50:23.642] [exthost] [info] ExtensionService#loadCommonJSModule file:///home/ahmadazizf/.vscode-server/bin/3866c3553be8b268c8a7f8c0482c0c0177aa8bfa/extensions/json-language-features/client/dist/node/jsonClientMain
[2021-08-22 16:50:24.138] [exthost] [info] ExtensionService#_doActivateExtension vscode.npm {"startup":false,"extensionId":{"value":"vscode.npm","_lower":"vscode.npm"},"activationEvent":"onLanguage:json"}
[2021-08-22 16:50:24.138] [exthost] [info] ExtensionService#loadCommonJSModule file:///home/ahmadazizf/.vscode-server/bin/3866c3553be8b268c8a7f8c0482c0c0177aa8bfa/extensions/npm/dist/npmMain
[2021-08-22 16:51:13.658] [exthost] [info] ExtensionService#_doActivateExtension vscode.debug-server-ready {"startup":false,"extensionId":{"value":"vscode.debug-server-ready","_lower":"vscode.debug-server-ready"},"activationEvent":"onDebugResolve"}
[2021-08-22 16:51:13.658] [exthost] [info] ExtensionService#loadCommonJSModule file:///home/ahmadazizf/.vscode-server/bin/3866c3553be8b268c8a7f8c0482c0c0177aa8bfa/extensions/debug-server-ready/dist/extension
[2021-08-22 18:50:43.071] [exthost] [error] [vscode.typescript-language-features] provider FAILED
[2021-08-22 18:50:43.071] [exthost] [error] Error: <syntax> TypeScript Server Error (4.3.5)
Debug Failure. False expression: Expected line to be non-zero
Error: Debug Failure. False expression: Expected line to be non-zero
    at failIfInvalidLocation (/home/ahmadazizf/.vscode-server/bin/3866c3553be8b268c8a7f8c0482c0c0177aa8bfa/extensions/node_modules/typescript/lib/tsserver.js:157266:22)
    at ScriptInfo.positionToLineOffset (/home/ahmadazizf/.vscode-server/bin/3866c3553be8b268c8a7f8c0482c0c0177aa8bfa/extensions/node_modules/typescript/lib/tsserver.js:157233:17)
    at toProtocolTextSpan (/home/ahmadazizf/.vscode-server/bin/3866c3553be8b268c8a7f8c0482c0c0177aa8bfa/extensions/node_modules/typescript/lib/tsserver.js:165298:35)
    at /home/ahmadazizf/.vscode-server/bin/3866c3553be8b268c8a7f8c0482c0c0177aa8bfa/extensions/node_modules/typescript/lib/tsserver.js:164739:68
    at Array.map (<anonymous>)
    at IOSession.Session.toLocationNavigationTree (/home/ahmadazizf/.vscode-server/bin/3866c3553be8b268c8a7f8c0482c0c0177aa8bfa/extensions/node_modules/typescript/lib/tsserver.js:164739:39)
    at IOSession.Session.getNavigationTree (/home/ahmadazizf/.vscode-server/bin/3866c3553be8b268c8a7f8c0482c0c0177aa8bfa/extensions/node_modules/typescript/lib/tsserver.js:164750:32)
    at Session.handlers.ts.Map.ts.getEntries._a.<computed> (/home/ahmadazizf/.vscode-server/bin/3866c3553be8b268c8a7f8c0482c0c0177aa8bfa/extensions/node_modules/typescript/lib/tsserver.js:163520:61)
    at /home/ahmadazizf/.vscode-server/bin/3866c3553be8b268c8a7f8c0482c0c0177aa8bfa/extensions/node_modules/typescript/lib/tsserver.js:165210:88
    at IOSession.Session.executeWithRequestId (/home/ahmadazizf/.vscode-server/bin/3866c3553be8b268c8a7f8c0482c0c0177aa8bfa/extensions/node_modules/typescript/lib/tsserver.js:165201:28)
    at IOSession.Session.executeCommand (/home/ahmadazizf/.vscode-server/bin/3866c3553be8b268c8a7f8c0482c0c0177aa8bfa/extensions/node_modules/typescript/lib/tsserver.js:165210:33)
    at IOSession.Session.onMessage (/home/ahmadazizf/.vscode-server/bin/3866c3553be8b268c8a7f8c0482c0c0177aa8bfa/extensions/node_modules/typescript/lib/tsserver.js:165236:35)
    at Interface.<anonymous> (/home/ahmadazizf/.vscode-server/bin/3866c3553be8b268c8a7f8c0482c0c0177aa8bfa/extensions/node_modules/typescript/lib/tsserver.js:167833:31)
    at Interface.emit (events.js:315:20)
    at Interface._onLine (readline.js:337:10)
    at Interface._normalWrite (readline.js:482:12)
    at Socket.ondata (readline.js:194:10)
    at Socket.emit (events.js:315:20)
    at addChunk (internal/streams/readable.js:309:12)
    at readableAddChunk (internal/streams/readable.js:284:9)
    at Socket.Readable.push (internal/streams/readable.js:223:10)
    at Pipe.onStreamRead (internal/stream_base_commons.js:188:23)
    at Function.create (/home/ahmadazizf/.vscode-server/bin/3866c3553be8b268c8a7f8c0482c0c0177aa8bfa/extensions/typescript-language-features/dist/extension.js:1:506927)
    at dispatchResponse (/home/ahmadazizf/.vscode-server/bin/3866c3553be8b268c8a7f8c0482c0c0177aa8bfa/extensions/typescript-language-features/dist/extension.js:1:500763)
    at dispatchMessage (/home/ahmadazizf/.vscode-server/bin/3866c3553be8b268c8a7f8c0482c0c0177aa8bfa/extensions/typescript-language-features/dist/extension.js:1:499620)
    at /home/ahmadazizf/.vscode-server/bin/3866c3553be8b268c8a7f8c0482c0c0177aa8bfa/extensions/typescript-language-features/dist/extension.js:1:499105
    at d.fire (/home/ahmadazizf/.vscode-server/bin/3866c3553be8b268c8a7f8c0482c0c0177aa8bfa/out/vs/server/remoteExtensionHostProcess.js:57:1712)
    at m.onLengthData (/home/ahmadazizf/.vscode-server/bin/3866c3553be8b268c8a7f8c0482c0c0177aa8bfa/extensions/typescript-language-features/dist/extension.js:1:509856)
    at Socket.<anonymous> (/home/ahmadazizf/.vscode-server/bin/3866c3553be8b268c8a7f8c0482c0c0177aa8bfa/extensions/typescript-language-features/dist/extension.js:1:509503)
    at Socket.emit (events.js:315:20)
    at addChunk (internal/streams/readable.js:309:12)
    at readableAddChunk (internal/streams/readable.js:284:9)
    at Socket.Readable.push (internal/streams/readable.js:223:10)
    at Pipe.onStreamRead (internal/stream_base_commons.js:188:23)
[2021-08-22 21:35:08.452] [exthost] [info] extension host terminating: received terminate message from renderer
[2021-08-22 21:35:08.460] [exthost] [info] Lock '/home/ahmadazizf/.vscode-server/data/User/workspaceStorage/0104de1eaaf8febaf9ffacec400b6386/vscode.lock': Marking the lockfile as scheduled to be released in 6000 ms.
[2021-08-22 21:35:09.877] [exthost] [info] exiting with code 0
